<?xml version="1.0" encoding="UTF-8"?>
<testsuite name="jlin2.examples.localtesting.ExampleUnitTest" tests="1" skipped="0" failures="0" errors="0" timestamp="2024-08-02T00:01:31" hostname="Tirths-MacBook-Pro.local" time="0.0">
  <properties/>
  <testcase name="addition_isCorrect" classname="jlin2.examples.localtesting.ExampleUnitTest" time="0.0"/>
  <system-out><![CDATA[]]></system-out>
  <system-err><![CDATA[]]></system-err>
</testsuite>
