<?xml version='1.0' encoding='UTF-8' ?>
<testsuite name="com.example.android.testing.espresso.BasicSample.MainActivityTest" tests="2" failures="0" errors="0" skipped="0" time="9.605" timestamp="2024-08-02T01:12:03" hostname="localhost">
  <properties>
    <property name="device" value="Pixel_3a_API_34(AVD) - 14" />
    <property name="flavor" value="" />
    <property name="project" value=":app" />
  </properties>
  <testcase name="validateTextView" classname="com.example.android.testing.espresso.BasicSample.MainActivityTest" time="0.987" />
  <testcase name="validateEditText" classname="com.example.android.testing.espresso.BasicSample.MainActivityTest" time="8.39" />
</testsuite>